sofía:$1$sdmgR9QO$V9qhtHrv5fN4m7fLjLEks1
isabella:$1$pAb9/nH6$ky02TwgGLRI1cqgGHAvJZ1
valentina:$1$5lt35/34$DqjvyF6PPzm8Hf5Hms8Nj.
camila:$1$w4PjdTkp$DOS5gy.Ghq8xLcGPcEQKA0
valeria:$1$tXntCMX/$/uJFwdRMX7LiHd37VCBT80
lucia:$1$Tb5WLNtw$8ks3nZiTNAXJcbggp/Qrc/
ximena:$1$Eh43H.QQ$Z2P5nUlY.QmTa1qiXKZv9/
clara:$1$bq2S49Dy$fZuP1prHr/AU9dZhyjNzh/
victoria:$1$nvMp4xGo$33byO5jvcF0MLIyoh7d4K.
martina:$1$dbC4.8Mp$xoJ0fpZDYsr87rqP19Cgt/
gabriela:$1$5og4lKrb$iYj/2/zSbbTg42GP3FyH31
sanbenect:$1$DuwwV98W$CFrYPfHNvn07BH0XiTilG0
shortoeve:$1$irhSDSFS$YZdJSit79wTRAzPIbtdJi0
marcellus:$1$kyBnN3YV$xV.d2mZzQ6MmkT4cFUh3h/
bigghappy:$1$C2tZexYb$k7nStF1v/j7onThlBuZMC0
macduff:$1$ukSesvAu$CHkw.UeeiD9V1hZVYF4Hq1
horatio:$1$VQkWvjQx$gOYu3/LBHYDJahzlZ5lC00
paris:$1$IO5tqbeo$2yelPFdtvXP7RjaOYFWmD/
softieli:$1$oKaUhOr9$Edeqg9JvBifxeSBtlQsvs0
royalcortli:$1$H0dytuZD$Y.SIN7I5tPT0pyw6B29Yy1